2020-09-21 10:49:19,360 - D:\autotest\common\my_request.py[line:24] - DEBUG: 【请求接口地址:https://ctest.putaoabc.net.cn/self_api/auth/login】
2020-09-21 10:49:20,140 - D:\autotest\common\my_request.py[line:49] - DEBUG: 【请求接口地址：https://ctest.putaoabc.net.cn/self_api/periodsWorkBoard/getSpecialBoard】
2020-09-21 10:49:20,871 - D:\autotest\common\my_request.py[line:24] - DEBUG: 【请求接口地址:https://ctest.putaoabc.net.cn/self_api/auth/login】
2020-09-21 10:49:20,971 - D:\autotest\common\my_request.py[line:49] - DEBUG: 【请求接口地址：https://ctest.putaoabc.net.cn/self_api/periodsWorkBoard/getSpecialBoard】
2020-09-21 10:49:21,283 - D:\autotest\common\my_request.py[line:24] - DEBUG: 【请求接口地址:https://ctest.putaoabc.net.cn/self_api/auth/login】
2020-09-21 10:49:21,353 - D:\autotest\common\my_request.py[line:49] - DEBUG: 【请求接口地址：https://ctest.putaoabc.net.cn/self_api/periodsWorkBoard/getSpecialBoard】
2020-09-21 10:49:21,693 - D:\autotest\common\my_request.py[line:24] - DEBUG: 【请求接口地址:https://ctest.putaoabc.net.cn/self_api/auth/login】
2020-09-21 10:49:21,763 - D:\autotest\common\my_request.py[line:49] - DEBUG: 【请求接口地址：https://ctest.putaoabc.net.cn/self_api/periodsWorkBoard/getSpecialBoard】
2020-09-21 10:49:22,040 - D:\autotest\common\my_request.py[line:24] - DEBUG: 【请求接口地址:https://ctest.putaoabc.net.cn/self_api/auth/login】
2020-09-21 10:49:22,100 - D:\autotest\common\my_request.py[line:49] - DEBUG: 【请求接口地址：https://ctest.putaoabc.net.cn/self_api/periodsWorkBoard/getSpecialBoard】
2020-09-21 10:50:42,935 - D:\autotest\common\my_request.py[line:24] - DEBUG: 【请求接口地址:https://ctest.putaoabc.net.cn/self_api/auth/login】
2020-09-21 10:50:43,436 - D:\autotest\common\my_request.py[line:49] - DEBUG: 【请求接口地址：https://ctest.putaoabc.net.cn/self_api/periodsWorkBoard/getSpecialBoard】
2020-09-21 10:50:43,666 - D:\autotest\common\my_request.py[line:24] - DEBUG: 【请求接口地址:https://ctest.putaoabc.net.cn/self_api/auth/login】
2020-09-21 10:50:43,706 - D:\autotest\common\my_request.py[line:49] - DEBUG: 【请求接口地址：https://ctest.putaoabc.net.cn/self_api/periodsWorkBoard/getSpecialBoard】
2020-09-21 10:50:43,916 - D:\autotest\common\my_request.py[line:24] - DEBUG: 【请求接口地址:https://ctest.putaoabc.net.cn/self_api/auth/login】
2020-09-21 10:50:43,937 - D:\autotest\common\my_request.py[line:49] - DEBUG: 【请求接口地址：https://ctest.putaoabc.net.cn/self_api/periodsWorkBoard/getSpecialBoard】
2020-09-21 10:50:44,148 - D:\autotest\common\my_request.py[line:24] - DEBUG: 【请求接口地址:https://ctest.putaoabc.net.cn/self_api/auth/login】
2020-09-21 10:50:44,188 - D:\autotest\common\my_request.py[line:49] - DEBUG: 【请求接口地址：https://ctest.putaoabc.net.cn/self_api/periodsWorkBoard/getSpecialBoard】
2020-09-21 10:50:44,398 - D:\autotest\common\my_request.py[line:24] - DEBUG: 【请求接口地址:https://ctest.putaoabc.net.cn/self_api/auth/login】
2020-09-21 10:50:44,438 - D:\autotest\common\my_request.py[line:49] - DEBUG: 【请求接口地址：https://ctest.putaoabc.net.cn/self_api/periodsWorkBoard/getSpecialBoard】
2020-09-21 10:51:59,136 - D:\autotest\common\my_request.py[line:24] - DEBUG: 【请求接口地址:https://ctest.putaoabc.net.cn/self_api/auth/login】
2020-09-21 10:51:59,396 - D:\autotest\common\my_request.py[line:49] - DEBUG: 【请求接口地址：https://ctest.putaoabc.net.cn/self_api/periodsWorkBoard/getSpecialBoard】
2020-09-21 10:51:59,596 - D:\autotest\common\my_request.py[line:24] - DEBUG: 【请求接口地址:https://ctest.putaoabc.net.cn/self_api/auth/login】
2020-09-21 10:51:59,626 - D:\autotest\common\my_request.py[line:49] - DEBUG: 【请求接口地址：https://ctest.putaoabc.net.cn/self_api/periodsWorkBoard/getSpecialBoard】
2020-09-21 10:51:59,836 - D:\autotest\common\my_request.py[line:24] - DEBUG: 【请求接口地址:https://ctest.putaoabc.net.cn/self_api/auth/login】
2020-09-21 10:51:59,866 - D:\autotest\common\my_request.py[line:49] - DEBUG: 【请求接口地址：https://ctest.putaoabc.net.cn/self_api/periodsWorkBoard/getSpecialBoard】
2020-09-21 10:52:00,066 - D:\autotest\common\my_request.py[line:24] - DEBUG: 【请求接口地址:https://ctest.putaoabc.net.cn/self_api/auth/login】
2020-09-21 10:52:00,096 - D:\autotest\common\my_request.py[line:49] - DEBUG: 【请求接口地址：https://ctest.putaoabc.net.cn/self_api/periodsWorkBoard/getSpecialBoard】
2020-09-21 10:52:00,306 - D:\autotest\common\my_request.py[line:24] - DEBUG: 【请求接口地址:https://ctest.putaoabc.net.cn/self_api/auth/login】
2020-09-21 10:52:00,336 - D:\autotest\common\my_request.py[line:49] - DEBUG: 【请求接口地址：https://ctest.putaoabc.net.cn/self_api/periodsWorkBoard/getSpecialBoard】
2020-09-21 10:52:27,901 - D:\autotest\common\my_request.py[line:24] - DEBUG: 【请求接口地址:https://ctest.putaoabc.net.cn/self_api/auth/login】
2020-09-21 10:52:28,166 - D:\autotest\common\my_request.py[line:49] - DEBUG: 【请求接口地址：https://ctest.putaoabc.net.cn/self_api/periodsWorkBoard/getSpecialBoard】
2020-09-21 11:45:13,542 - D:\autotest\common\my_request.py[line:24] - DEBUG: 【请求接口地址:https://ctest.putaoabc.net.cn/self_api/auth/login】
2020-09-21 11:45:13,912 - D:\autotest\common\my_request.py[line:49] - DEBUG: 【请求接口地址：https://ctest.putaoabc.net.cn/self_api/saleWordBoard/getOrdersInfo】
2020-09-21 12:20:46,548 - D:\autotest\common\my_request.py[line:24] - DEBUG: 【请求接口地址:https://ctest.putaoabc.net.cn/self_api/auth/login】
2020-09-21 12:20:46,868 - D:\autotest\common\my_request.py[line:49] - DEBUG: 【请求接口地址：https://ctest.putaoabc.net.cn/self_api/saleWordBoard/getFifteenDayData】
2020-09-21 12:21:05,718 - D:\autotest\common\my_request.py[line:24] - DEBUG: 【请求接口地址:https://ctest.putaoabc.net.cn/self_api/auth/login】
2020-09-21 12:21:05,943 - D:\autotest\common\my_request.py[line:49] - DEBUG: 【请求接口地址：https://ctest.putaoabc.net.cn/self_api/saleWordBoard/getFinishInfo】
2020-09-21 12:21:13,510 - D:\autotest\common\my_request.py[line:24] - DEBUG: 【请求接口地址:https://ctest.putaoabc.net.cn/self_api/auth/login】
2020-09-21 12:21:13,785 - D:\autotest\common\my_request.py[line:49] - DEBUG: 【请求接口地址：https://ctest.putaoabc.net.cn/self_api/saleWordBoard/getLeadsInfo】
2020-09-21 12:21:24,075 - D:\autotest\common\my_request.py[line:24] - DEBUG: 【请求接口地址:https://ctest.putaoabc.net.cn/self_api/auth/login】
2020-09-21 12:21:24,306 - D:\autotest\common\my_request.py[line:49] - DEBUG: 【请求接口地址：https://ctest.putaoabc.net.cn/self_api/saleWordBoard/msg_remind_list】
2020-09-21 12:21:24,306 - D:\autotest\common\my_request.py[line:59] - ERROR: 异常信息：接口调用失败！ url 【https://ctest.putaoabc.net.cn/self_api/saleWordBoard/msg_remind_list】 data 【{'boardType': 2}】 实际结果是 【{'error': "Value for header {pageIndex: 1} must be of type str or bytes, not <class 'int'>"}】
2020-09-21 12:25:49,677 - D:\autotest\common\my_request.py[line:24] - DEBUG: 【请求接口地址:https://ctest.putaoabc.net.cn/self_api/auth/login】
2020-09-21 12:25:49,942 - D:\autotest\common\my_request.py[line:49] - DEBUG: 【请求接口地址：https://ctest.putaoabc.net.cn/self_api/saleWordBoard/msg_remind_list】
2020-09-21 12:25:49,944 - D:\autotest\common\my_request.py[line:59] - ERROR: 异常信息：接口调用失败！ url 【https://ctest.putaoabc.net.cn/self_api/saleWordBoard/msg_remind_list】 data 【{}】 实际结果是 【{'error': "Value for header {pageIndex: 1} must be of type str or bytes, not <class 'int'>"}】
2020-09-21 12:26:46,823 - D:\autotest\common\my_request.py[line:24] - DEBUG: 【请求接口地址:https://ctest.putaoabc.net.cn/self_api/auth/login】
2020-09-21 12:26:47,052 - D:\autotest\common\my_request.py[line:49] - DEBUG: 【请求接口地址：https://ctest.putaoabc.net.cn/self_api/saleWordBoard/msg_remind_list】
2020-09-21 12:26:47,055 - D:\autotest\common\my_request.py[line:59] - ERROR: 异常信息：接口调用失败！ url 【https://ctest.putaoabc.net.cn/self_api/saleWordBoard/msg_remind_list】 data 【{}】 实际结果是 【{'error': "Value for header {pageIndex: 1} must be of type str or bytes, not <class 'int'>"}】
2020-09-21 12:28:20,396 - D:\autotest\common\my_request.py[line:24] - DEBUG: 【请求接口地址:https://ctest.putaoabc.net.cn/self_api/auth/login】
2020-09-21 12:28:20,690 - D:\autotest\common\my_request.py[line:49] - DEBUG: 【请求接口地址：https://ctest.putaoabc.net.cn/self_api/saleWordBoard/msg_remind_list】
2020-09-21 12:28:36,053 - D:\autotest\common\my_request.py[line:24] - DEBUG: 【请求接口地址:https://ctest.putaoabc.net.cn/self_api/auth/login】
2020-09-21 12:28:36,288 - D:\autotest\common\my_request.py[line:49] - DEBUG: 【请求接口地址：https://ctest.putaoabc.net.cn/self_api/saleWordBoard/getOrdersAmount】
2020-09-21 13:58:19,966 - D:\autotest\common\my_request.py[line:24] - DEBUG: 【请求接口地址:https://ctest.putaoabc.net.cn/self_api/auth/login】
2020-09-21 13:58:20,201 - D:\autotest\common\my_request.py[line:24] - DEBUG: 【请求接口地址:https://ctest.putaoabc.net.cn/self_api/client/add】
2020-09-21 13:58:20,281 - D:\autotest\common\my_request.py[line:24] - DEBUG: 【请求接口地址:https://ctest.putaoabc.net.cn/self_api/auth/login】
2020-09-21 13:58:20,309 - D:\autotest\common\my_request.py[line:49] - DEBUG: 【请求接口地址：https://ctest.putaoabc.net.cn/self_api/saleWordBoard/getFifteenDayData】
2020-09-21 13:58:20,347 - D:\autotest\common\my_request.py[line:24] - DEBUG: 【请求接口地址:https://ctest.putaoabc.net.cn/self_api/auth/login】
2020-09-21 13:58:20,378 - D:\autotest\common\my_request.py[line:49] - DEBUG: 【请求接口地址：https://ctest.putaoabc.net.cn/self_api/saleWordBoard/getFinishInfo】
2020-09-21 13:58:20,415 - D:\autotest\common\my_request.py[line:24] - DEBUG: 【请求接口地址:https://ctest.putaoabc.net.cn/self_api/auth/login】
2020-09-21 13:58:20,444 - D:\autotest\common\my_request.py[line:49] - DEBUG: 【请求接口地址：https://ctest.putaoabc.net.cn/self_api/saleWordBoard/getLeadsInfo】
2020-09-21 13:58:20,481 - D:\autotest\common\my_request.py[line:24] - DEBUG: 【请求接口地址:https://ctest.putaoabc.net.cn/self_api/auth/login】
2020-09-21 13:58:20,510 - D:\autotest\common\my_request.py[line:49] - DEBUG: 【请求接口地址：https://ctest.putaoabc.net.cn/self_api/saleWordBoard/msg_remind_list】
2020-09-21 13:58:20,551 - D:\autotest\common\my_request.py[line:24] - DEBUG: 【请求接口地址:https://ctest.putaoabc.net.cn/self_api/auth/login】
2020-09-21 13:58:20,577 - D:\autotest\common\my_request.py[line:49] - DEBUG: 【请求接口地址：https://ctest.putaoabc.net.cn/self_api/saleWordBoard/getOrdersAmount】
2020-09-21 13:58:20,631 - D:\autotest\common\my_request.py[line:24] - DEBUG: 【请求接口地址:https://ctest.putaoabc.net.cn/self_api/auth/login】
2020-09-21 13:58:20,660 - D:\autotest\common\my_request.py[line:49] - DEBUG: 【请求接口地址：https://ctest.putaoabc.net.cn/self_api/saleWordBoard/getOrdersInfo】
2020-09-21 13:58:20,711 - D:\autotest\common\my_request.py[line:24] - DEBUG: 【请求接口地址:https://ctest.putaoabc.net.cn/self_api/auth/login】
2020-09-21 13:58:20,741 - D:\autotest\common\my_request.py[line:49] - DEBUG: 【请求接口地址：https://ctest.putaoabc.net.cn/self_api/saleWordBoard/report】
2020-09-21 13:58:20,768 - D:\autotest\common\my_request.py[line:24] - DEBUG: 【请求接口地址:https://ctest.putaoabc.net.cn/self_api/auth/login】
2020-09-21 13:58:20,799 - D:\autotest\common\my_request.py[line:49] - DEBUG: 【请求接口地址：https://ctest.putaoabc.net.cn/self_api/saleWordBoard/saleAmountRanking】
2020-09-21 13:58:20,828 - D:\autotest\common\my_request.py[line:24] - DEBUG: 【请求接口地址:https://ctest.putaoabc.net.cn/self_api/auth/login】
2020-09-21 13:58:20,862 - D:\autotest\common\my_request.py[line:49] - DEBUG: 【请求接口地址：https://ctest.putaoabc.net.cn/self_api/saleWordBoard/getSevenDayData】
2020-09-21 13:58:20,907 - D:\autotest\common\my_request.py[line:24] - DEBUG: 【请求接口地址:https://ctest.putaoabc.net.cn/self_api/auth/login】
2020-09-21 13:58:20,940 - D:\autotest\common\my_request.py[line:49] - DEBUG: 【请求接口地址：https://ctest.putaoabc.net.cn/self_api/saleWordBoard/getThreeDayData】
2020-09-21 13:58:20,982 - D:\autotest\common\my_request.py[line:24] - DEBUG: 【请求接口地址:https://ctest.putaoabc.net.cn/self_api/auth/login】
2020-09-21 13:58:21,013 - D:\autotest\common\my_request.py[line:49] - DEBUG: 【请求接口地址：https://ctest.putaoabc.net.cn/self_api/saleWordBoard/getTodayActive】
2020-09-21 13:58:21,057 - D:\autotest\common\my_request.py[line:24] - DEBUG: 【请求接口地址:https://ctest.putaoabc.net.cn/self_api/auth/login】
2020-09-21 13:58:21,092 - D:\autotest\common\my_request.py[line:49] - DEBUG: 【请求接口地址：https://ctest.putaoabc.net.cn/self_api/saleWordBoard/getTodayTrialInfo】
2020-09-21 13:58:21,146 - D:\autotest\common\my_request.py[line:24] - DEBUG: 【请求接口地址:https://ctest.putaoabc.net.cn/self_api/auth/login】
2020-09-21 13:58:21,179 - D:\autotest\common\my_request.py[line:49] - DEBUG: 【请求接口地址：https://ctest.putaoabc.net.cn/self_api/saleWordBoard/getFinishInfo】
2020-09-21 13:58:21,210 - D:\autotest\common\my_request.py[line:24] - DEBUG: 【请求接口地址:https://ctest.putaoabc.net.cn/self_api/auth/login】
2020-09-21 13:58:21,239 - D:\autotest\common\my_request.py[line:49] - DEBUG: 【请求接口地址：https://ctest.putaoabc.net.cn/self_api/myUser/getChannelClassify】
2020-09-21 13:58:21,265 - D:\autotest\common\my_request.py[line:24] - DEBUG: 【请求接口地址:https://ctest.putaoabc.net.cn/self_api/auth/login】
2020-09-21 13:58:21,291 - D:\autotest\common\my_request.py[line:49] - DEBUG: 【请求接口地址：https://ctest.putaoabc.net.cn/self_api/myUser/getCrmUserTag】
2020-09-21 13:58:21,317 - D:\autotest\common\my_request.py[line:24] - DEBUG: 【请求接口地址:https://ctest.putaoabc.net.cn/self_api/auth/login】
2020-09-21 13:58:21,350 - D:\autotest\common\my_request.py[line:49] - DEBUG: 【请求接口地址：https://ctest.putaoabc.net.cn/self_api/myUser/getCrmUserTag】
2020-09-21 13:58:21,378 - D:\autotest\common\my_request.py[line:24] - DEBUG: 【请求接口地址:https://ctest.putaoabc.net.cn/self_api/auth/login】
2020-09-21 13:58:21,412 - D:\autotest\common\my_request.py[line:49] - DEBUG: 【请求接口地址：https://ctest.putaoabc.net.cn/self_api/myUser/getCrmUserTag】
2020-09-21 13:58:21,450 - D:\autotest\common\my_request.py[line:24] - DEBUG: 【请求接口地址:https://ctest.putaoabc.net.cn/self_api/auth/login】
2020-09-21 13:58:21,481 - D:\autotest\common\my_request.py[line:49] - DEBUG: 【请求接口地址：https://ctest.putaoabc.net.cn/self_api/myUser/getCrmUserTag】
2020-09-21 13:58:21,511 - D:\autotest\common\my_request.py[line:24] - DEBUG: 【请求接口地址:https://ctest.putaoabc.net.cn/self_api/auth/login】
2020-09-21 13:58:21,534 - D:\autotest\common\my_request.py[line:49] - DEBUG: 【请求接口地址：https://ctest.putaoabc.net.cn/self_api/myUser/getCrmUserTag】
2020-09-21 13:58:21,568 - D:\autotest\common\my_request.py[line:24] - DEBUG: 【请求接口地址:https://ctest.putaoabc.net.cn/self_api/auth/login】
2020-09-21 13:58:21,597 - D:\autotest\common\my_request.py[line:49] - DEBUG: 【请求接口地址：https://ctest.putaoabc.net.cn/self_api/myUser/getCrmUserTag】
2020-09-21 13:58:21,628 - D:\autotest\common\my_request.py[line:24] - DEBUG: 【请求接口地址:https://ctest.putaoabc.net.cn/self_api/auth/login】
2020-09-21 13:58:21,659 - D:\autotest\common\my_request.py[line:49] - DEBUG: 【请求接口地址：https://ctest.putaoabc.net.cn/self_api/periodsWorkBoard/getExperienceBoard】
2020-09-21 13:58:22,122 - D:\autotest\common\my_request.py[line:24] - DEBUG: 【请求接口地址:https://ctest.putaoabc.net.cn/self_api/auth/login】
2020-09-21 13:58:22,164 - D:\autotest\common\my_request.py[line:49] - DEBUG: 【请求接口地址：https://ctest.putaoabc.net.cn/self_api/periodsWorkBoard/getExperienceBoard】
2020-09-21 13:58:22,397 - D:\autotest\common\my_request.py[line:24] - DEBUG: 【请求接口地址:https://ctest.putaoabc.net.cn/self_api/auth/login】
2020-09-21 13:58:22,427 - D:\autotest\common\my_request.py[line:49] - DEBUG: 【请求接口地址：https://ctest.putaoabc.net.cn/self_api/periodsWorkBoard/getExperienceBoard】
2020-09-21 13:58:22,672 - D:\autotest\common\my_request.py[line:24] - DEBUG: 【请求接口地址:https://ctest.putaoabc.net.cn/self_api/auth/login】
2020-09-21 13:58:22,700 - D:\autotest\common\my_request.py[line:49] - DEBUG: 【请求接口地址：https://ctest.putaoabc.net.cn/self_api/periodsWorkBoard/getExperienceBoard】
2020-09-21 13:58:22,926 - D:\autotest\common\my_request.py[line:24] - DEBUG: 【请求接口地址:https://ctest.putaoabc.net.cn/self_api/auth/login】
2020-09-21 13:58:22,962 - D:\autotest\common\my_request.py[line:49] - DEBUG: 【请求接口地址：https://ctest.putaoabc.net.cn/self_api/periodsWorkBoard/getExperienceBoard】
2020-09-21 13:58:23,205 - D:\autotest\common\my_request.py[line:24] - DEBUG: 【请求接口地址:https://ctest.putaoabc.net.cn/self_api/auth/login】
2020-09-21 13:58:23,257 - D:\autotest\common\my_request.py[line:49] - DEBUG: 【请求接口地址：https://ctest.putaoabc.net.cn/self_api/periodsWorkBoard/getExperienceOutUsers】
2020-09-21 13:58:24,407 - D:\autotest\common\my_request.py[line:24] - DEBUG: 【请求接口地址:https://ctest.putaoabc.net.cn/self_api/auth/login】
2020-09-21 13:58:24,438 - D:\autotest\common\my_request.py[line:49] - DEBUG: 【请求接口地址：https://ctest.putaoabc.net.cn/self_api/periodsWorkBoard/getExperienceSumData】
2020-09-21 13:58:25,298 - D:\autotest\common\my_request.py[line:24] - DEBUG: 【请求接口地址:https://ctest.putaoabc.net.cn/self_api/auth/login】
2020-09-21 13:58:25,332 - D:\autotest\common\my_request.py[line:49] - DEBUG: 【请求接口地址：https://ctest.putaoabc.net.cn/self_api/periodsWorkBoard/getExperiodsFinishInfo】
2020-09-21 13:58:25,359 - D:\autotest\common\my_request.py[line:24] - DEBUG: 【请求接口地址:https://ctest.putaoabc.net.cn/self_api/auth/login】
2020-09-21 13:58:25,387 - D:\autotest\common\my_request.py[line:49] - DEBUG: 【请求接口地址：https://ctest.putaoabc.net.cn/self_api/periodsWorkBoard/getExperiodsOrdersAmount】
2020-09-21 13:58:25,421 - D:\autotest\common\my_request.py[line:24] - DEBUG: 【请求接口地址:https://ctest.putaoabc.net.cn/self_api/auth/login】
2020-09-21 13:58:25,445 - D:\autotest\common\my_request.py[line:49] - DEBUG: 【请求接口地址：https://ctest.putaoabc.net.cn/self_api/menu/person/menu】
2020-09-21 13:58:25,476 - D:\autotest\common\my_request.py[line:24] - DEBUG: 【请求接口地址:https://ctest.putaoabc.net.cn/self_api/auth/login】
2020-09-21 13:58:25,507 - D:\autotest\common\my_request.py[line:49] - DEBUG: 【请求接口地址：https://ctest.putaoabc.net.cn/self_api/periodsWorkBoard/getMonthAssignCount】
2020-09-21 13:58:25,564 - D:\autotest\common\my_request.py[line:24] - DEBUG: 【请求接口地址:https://ctest.putaoabc.net.cn/self_api/auth/login】
2020-09-21 13:58:25,597 - D:\autotest\common\my_request.py[line:49] - DEBUG: 【请求接口地址：https://ctest.putaoabc.net.cn/self_api/periodsWorkBoard/getMonthMargin】
2020-09-21 13:58:25,634 - D:\autotest\common\my_request.py[line:24] - DEBUG: 【请求接口地址:https://ctest.putaoabc.net.cn/self_api/auth/login】
2020-09-21 13:58:25,659 - D:\autotest\common\my_request.py[line:49] - DEBUG: 【请求接口地址：https://ctest.putaoabc.net.cn/self_api/periodsWorkBoard/getMyPeriodsSumData】
2020-09-21 13:58:25,706 - D:\autotest\common\my_request.py[line:24] - DEBUG: 【请求接口地址:https://ctest.putaoabc.net.cn/self_api/auth/login】
2020-09-21 13:58:25,736 - D:\autotest\common\my_request.py[line:49] - DEBUG: 【请求接口地址：https://ctest.putaoabc.net.cn/self_api/periodsWorkBoard/experience/notOpenningSummary】
2020-09-21 13:58:25,853 - D:\autotest\common\my_request.py[line:24] - DEBUG: 【请求接口地址:https://ctest.putaoabc.net.cn/self_api/auth/login】
2020-09-21 13:58:25,879 - D:\autotest\common\my_request.py[line:49] - DEBUG: 【请求接口地址：https://ctest.putaoabc.net.cn/self_api/periodsWorkBoard/experience/openningSummary】
2020-09-21 13:58:25,974 - D:\autotest\common\my_request.py[line:24] - DEBUG: 【请求接口地址:https://ctest.putaoabc.net.cn/self_api/auth/login】
2020-09-21 13:58:25,999 - D:\autotest\common\my_request.py[line:49] - DEBUG: 【请求接口地址：https://ctest.putaoabc.net.cn/self_api/periodsWorkBoard/getMySelfPeriodsName】
2020-09-21 13:58:26,041 - D:\autotest\common\my_request.py[line:24] - DEBUG: 【请求接口地址:https://ctest.putaoabc.net.cn/self_api/auth/login】
2020-09-21 13:58:26,071 - D:\autotest\common\my_request.py[line:49] - DEBUG: 【请求接口地址：https://ctest.putaoabc.net.cn/self_api/periodsWorkBoard/getMyPeriodsSumData】
2020-09-21 13:58:26,107 - D:\autotest\common\my_request.py[line:24] - DEBUG: 【请求接口地址:https://ctest.putaoabc.net.cn/self_api/auth/login】
2020-09-21 13:58:26,136 - D:\autotest\common\my_request.py[line:49] - DEBUG: 【请求接口地址：https://ctest.putaoabc.net.cn/self_api/periodsWorkBoard/special/notOpenningSummary】
2020-09-21 13:58:26,193 - D:\autotest\common\my_request.py[line:24] - DEBUG: 【请求接口地址:https://ctest.putaoabc.net.cn/self_api/auth/login】
2020-09-21 13:58:26,213 - D:\autotest\common\my_request.py[line:49] - DEBUG: 【请求接口地址：https://ctest.putaoabc.net.cn/self_api/periodsWorkBoard/special/openningSummary】
2020-09-21 13:58:26,277 - D:\autotest\common\my_request.py[line:24] - DEBUG: 【请求接口地址:https://ctest.putaoabc.net.cn/self_api/auth/login】
2020-09-21 13:58:26,301 - D:\autotest\common\my_request.py[line:24] - DEBUG: 【请求接口地址:https://ctest.putaoabc.net.cn/self_api/myUser/myUserList】
2020-09-21 13:58:29,277 - D:\autotest\common\my_request.py[line:24] - DEBUG: 【请求接口地址:https://ctest.putaoabc.net.cn/self_api/auth/login】
2020-09-21 13:58:29,308 - D:\autotest\common\my_request.py[line:24] - DEBUG: 【请求接口地址:https://ctest.putaoabc.net.cn/self_api/myUser/myUserList】
2020-09-21 13:58:30,793 - D:\autotest\common\my_request.py[line:24] - DEBUG: 【请求接口地址:https://ctest.putaoabc.net.cn/self_api/auth/login】
2020-09-21 13:58:30,825 - D:\autotest\common\my_request.py[line:24] - DEBUG: 【请求接口地址:https://ctest.putaoabc.net.cn/self_api/myUser/myUserList】
2020-09-21 13:58:31,548 - D:\autotest\common\my_request.py[line:24] - DEBUG: 【请求接口地址:https://ctest.putaoabc.net.cn/self_api/auth/login】
2020-09-21 13:58:31,589 - D:\autotest\common\my_request.py[line:24] - DEBUG: 【请求接口地址:https://ctest.putaoabc.net.cn/self_api/myUser/myUserList】
2020-09-21 13:58:31,740 - D:\autotest\common\my_request.py[line:24] - DEBUG: 【请求接口地址:https://ctest.putaoabc.net.cn/self_api/auth/login】
2020-09-21 13:58:31,767 - D:\autotest\common\my_request.py[line:24] - DEBUG: 【请求接口地址:https://ctest.putaoabc.net.cn/self_api/myUser/myUserList】
2020-09-21 13:58:31,902 - D:\autotest\common\my_request.py[line:24] - DEBUG: 【请求接口地址:https://ctest.putaoabc.net.cn/self_api/auth/login】
2020-09-21 13:58:31,931 - D:\autotest\common\my_request.py[line:24] - DEBUG: 【请求接口地址:https://ctest.putaoabc.net.cn/self_api/myUser/myUserList】
2020-09-21 13:58:32,859 - D:\autotest\common\my_request.py[line:24] - DEBUG: 【请求接口地址:https://ctest.putaoabc.net.cn/self_api/auth/login】
2020-09-21 13:58:32,890 - D:\autotest\common\my_request.py[line:24] - DEBUG: 【请求接口地址:https://ctest.putaoabc.net.cn/self_api/myUser/myUserList】
2020-09-21 13:58:33,300 - D:\autotest\common\my_request.py[line:24] - DEBUG: 【请求接口地址:https://ctest.putaoabc.net.cn/self_api/auth/login】
2020-09-21 13:58:33,346 - D:\autotest\common\my_request.py[line:49] - DEBUG: 【请求接口地址：https://ctest.putaoabc.net.cn/self_api/myUser/getPhonePlace】
2020-09-21 13:58:33,378 - D:\autotest\common\my_request.py[line:24] - DEBUG: 【请求接口地址:https://ctest.putaoabc.net.cn/self_api/auth/login】
2020-09-21 13:58:33,421 - D:\autotest\common\my_request.py[line:24] - DEBUG: 【请求接口地址:https://ctest.putaoabc.net.cn/self_api/leadsOperate/receiveLeads】
2020-09-21 13:58:33,464 - D:\autotest\common\my_request.py[line:24] - DEBUG: 【请求接口地址:https://ctest.putaoabc.net.cn/self_api/auth/login】
2020-09-21 13:58:33,500 - D:\autotest\common\my_request.py[line:49] - DEBUG: 【请求接口地址：https://ctest.putaoabc.net.cn/self_api/myUser/mySelectInfo】
2020-09-21 13:58:33,537 - D:\autotest\common\my_request.py[line:24] - DEBUG: 【请求接口地址:https://ctest.putaoabc.net.cn/self_api/auth/login】
2020-09-21 13:58:33,757 - D:\autotest\common\my_request.py[line:49] - DEBUG: 【请求接口地址：https://ctest.putaoabc.net.cn/self_api/periodsWorkBoard/getSpecialBoard】
2020-09-21 13:58:34,108 - D:\autotest\common\my_request.py[line:24] - DEBUG: 【请求接口地址:https://ctest.putaoabc.net.cn/self_api/auth/login】
2020-09-21 13:58:34,137 - D:\autotest\common\my_request.py[line:49] - DEBUG: 【请求接口地址：https://ctest.putaoabc.net.cn/self_api/periodsWorkBoard/getSpecialBoard】
2020-09-21 13:58:34,373 - D:\autotest\common\my_request.py[line:24] - DEBUG: 【请求接口地址:https://ctest.putaoabc.net.cn/self_api/auth/login】
2020-09-21 13:58:34,398 - D:\autotest\common\my_request.py[line:49] - DEBUG: 【请求接口地址：https://ctest.putaoabc.net.cn/self_api/periodsWorkBoard/getSpecialBoard】
2020-09-21 13:58:34,621 - D:\autotest\common\my_request.py[line:24] - DEBUG: 【请求接口地址:https://ctest.putaoabc.net.cn/self_api/auth/login】
2020-09-21 13:58:34,647 - D:\autotest\common\my_request.py[line:49] - DEBUG: 【请求接口地址：https://ctest.putaoabc.net.cn/self_api/periodsWorkBoard/getSpecialBoard】
2020-09-21 13:58:34,864 - D:\autotest\common\my_request.py[line:24] - DEBUG: 【请求接口地址:https://ctest.putaoabc.net.cn/self_api/auth/login】
2020-09-21 13:58:34,889 - D:\autotest\common\my_request.py[line:49] - DEBUG: 【请求接口地址：https://ctest.putaoabc.net.cn/self_api/periodsWorkBoard/getSpecialBoard】
2020-09-21 13:58:35,098 - D:\autotest\common\my_request.py[line:24] - DEBUG: 【请求接口地址:https://ctest.putaoabc.net.cn/self_api/auth/login】
2020-09-21 13:58:35,122 - D:\autotest\common\my_request.py[line:49] - DEBUG: 【请求接口地址：https://ctest.putaoabc.net.cn/self_api/periodsWorkBoard/getSpecialFinishInfo】
2020-09-21 13:58:35,141 - D:\autotest\common\my_request.py[line:24] - DEBUG: 【请求接口地址:https://ctest.putaoabc.net.cn/self_api/auth/login】
2020-09-21 13:58:35,172 - D:\autotest\common\my_request.py[line:49] - DEBUG: 【请求接口地址：https://ctest.putaoabc.net.cn/self_api/periodsWorkBoard/getSpecialMonthAssignCount】
2020-09-21 13:58:35,193 - D:\autotest\common\my_request.py[line:24] - DEBUG: 【请求接口地址:https://ctest.putaoabc.net.cn/self_api/auth/login】
2020-09-21 13:58:35,232 - D:\autotest\common\my_request.py[line:49] - DEBUG: 【请求接口地址：https://ctest.putaoabc.net.cn/self_api/periodsWorkBoard/getSpecialMonthMargin】
2020-09-21 13:58:35,254 - D:\autotest\common\my_request.py[line:24] - DEBUG: 【请求接口地址:https://ctest.putaoabc.net.cn/self_api/auth/login】
2020-09-21 13:58:35,278 - D:\autotest\common\my_request.py[line:49] - DEBUG: 【请求接口地址：https://ctest.putaoabc.net.cn/self_api/periodsWorkBoard/getSpecialOrdersAmount】
2020-09-21 13:58:35,299 - D:\autotest\common\my_request.py[line:24] - DEBUG: 【请求接口地址:https://ctest.putaoabc.net.cn/self_api/auth/login】
2020-09-21 13:58:35,328 - D:\autotest\common\my_request.py[line:49] - DEBUG: 【请求接口地址：https://ctest.putaoabc.net.cn/self_api/periodsWorkBoard/getSpecialOutUsers】
2020-09-21 13:58:38,897 - D:\autotest\common\my_request.py[line:24] - DEBUG: 【请求接口地址:https://ctest.putaoabc.net.cn/self_api/auth/login】
2020-09-21 13:58:38,932 - D:\autotest\common\my_request.py[line:49] - DEBUG: 【请求接口地址：https://ctest.putaoabc.net.cn/self_api/periodsWorkBoard/getSpecialSumData】
2020-09-21 13:58:39,405 - D:\autotest\common\my_request.py[line:24] - DEBUG: 【请求接口地址:https://ctest.putaoabc.net.cn/self_api/auth/login】
2020-09-21 13:58:39,432 - D:\autotest\common\my_request.py[line:49] - DEBUG: 【请求接口地址：https://ctest.putaoabc.net.cn/self_api/client/supervisor】
2020-09-21 13:58:39,522 - D:\autotest\common\my_request.py[line:24] - DEBUG: 【请求接口地址:https://ctest.putaoabc.net.cn/self_api/auth/login】
2020-09-21 13:58:39,550 - D:\autotest\common\my_request.py[line:49] - DEBUG: 【请求接口地址：https://ctest.putaoabc.net.cn/self_api/tmkWordBoard/getTmkAssignInfo】
2020-09-21 13:58:39,600 - D:\autotest\common\my_request.py[line:24] - DEBUG: 【请求接口地址:https://ctest.putaoabc.net.cn/self_api/auth/login】
2020-09-21 13:58:39,628 - D:\autotest\common\my_request.py[line:49] - DEBUG: 【请求接口地址：https://ctest.putaoabc.net.cn/self_api/tmkWordBoard/getTmkConnectTimeInfo】
2020-09-21 13:58:39,665 - D:\autotest\common\my_request.py[line:24] - DEBUG: 【请求接口地址:https://ctest.putaoabc.net.cn/self_api/auth/login】
2020-09-21 13:58:39,697 - D:\autotest\common\my_request.py[line:49] - DEBUG: 【请求接口地址：https://ctest.putaoabc.net.cn/self_api/tmkWordBoard/getTmkFinishInfo】
2020-09-21 13:58:39,726 - D:\autotest\common\my_request.py[line:24] - DEBUG: 【请求接口地址:https://ctest.putaoabc.net.cn/self_api/auth/login】
2020-09-21 13:58:39,747 - D:\autotest\common\my_request.py[line:49] - DEBUG: 【请求接口地址：https://ctest.putaoabc.net.cn/self_api/tmkWordBoard/getTmkLeadsInfo】
2020-09-21 13:58:39,781 - D:\autotest\common\my_request.py[line:24] - DEBUG: 【请求接口地址:https://ctest.putaoabc.net.cn/self_api/auth/login】
2020-09-21 13:58:40,008 - D:\autotest\common\my_request.py[line:49] - DEBUG: 【请求接口地址：https://ctest.putaoabc.net.cn/self_api/tmkWordBoard/getTmkQuotaStatisticsData】
2020-09-21 13:58:40,060 - D:\autotest\common\my_request.py[line:24] - DEBUG: 【请求接口地址:https://ctest.putaoabc.net.cn/self_api/auth/login】
2020-09-21 13:58:40,093 - D:\autotest\common\my_request.py[line:49] - DEBUG: 【请求接口地址：https://ctest.putaoabc.net.cn/self_api/tmkWordBoard/getTmkStockData】
2020-09-21 13:58:40,444 - D:\autotest\common\my_request.py[line:24] - DEBUG: 【请求接口地址:https://ctest.putaoabc.net.cn/self_api/auth/login】
2020-09-21 13:58:40,474 - D:\autotest\common\my_request.py[line:49] - DEBUG: 【请求接口地址：https://ctest.putaoabc.net.cn/self_api/tmkWordBoard/getTmkTodayFinishInfo】
2020-09-21 13:58:40,506 - D:\autotest\common\my_request.py[line:24] - DEBUG: 【请求接口地址:https://ctest.putaoabc.net.cn/self_api/auth/login】
2020-09-21 13:58:40,533 - D:\autotest\common\my_request.py[line:49] - DEBUG: 【请求接口地址：https://ctest.putaoabc.net.cn/self_api/tmkWordBoard/getTmkTodayTrialInfo】
2020-09-21 13:58:40,571 - D:\autotest\common\my_request.py[line:24] - DEBUG: 【请求接口地址:https://ctest.putaoabc.net.cn/self_api/auth/login】
2020-09-21 13:58:40,599 - D:\autotest\common\my_request.py[line:49] - DEBUG: 【请求接口地址：https://ctest.putaoabc.net.cn/self_api/tmkWordBoard/getTmkTrialInfo】
2020-09-21 13:58:40,633 - D:\autotest\common\my_request.py[line:24] - DEBUG: 【请求接口地址:https://ctest.putaoabc.net.cn/self_api/auth/login】
2020-09-21 13:58:40,662 - D:\autotest\common\my_request.py[line:24] - DEBUG: 【请求接口地址:https://ctest.putaoabc.net.cn/self_api/myUser/myUserList/download】
2020-09-21 13:58:50,672 - D:\autotest\common\my_request.py[line:36] - ERROR: 异常信息：接口调用失败！ url 【https://ctest.putaoabc.net.cn/self_api/myUser/myUserList/download】 data 【{"queryType": "all"}】 实际结果是 【{'error': "HTTPSConnectionPool(host='ctest.putaoabc.net.cn', port=443): Read timed out. (read timeout=10)"}】
2020-09-21 14:00:31,733 - D:\autotest\common\my_request.py[line:24] - DEBUG: 【请求接口地址:https://ctest.putaoabc.net.cn/self_api/auth/login】
2020-09-21 14:00:32,026 - D:\autotest\common\my_request.py[line:49] - DEBUG: 【请求接口地址：https://ctest.putaoabc.net.cn/self_api/saleWordBoard/report】
2020-09-21 14:01:34,335 - D:\autotest\common\my_request.py[line:24] - DEBUG: 【请求接口地址:https://ctest.putaoabc.net.cn/self_api/auth/login】
2020-09-21 14:01:34,601 - D:\autotest\common\my_request.py[line:49] - DEBUG: 【请求接口地址：https://ctest.putaoabc.net.cn/self_api/saleWordBoard/report】
2020-09-21 14:03:52,030 - D:\autotest\common\my_request.py[line:24] - DEBUG: 【请求接口地址:https://ctest.putaoabc.net.cn/self_api/auth/login】
2020-09-21 14:03:52,333 - D:\autotest\common\my_request.py[line:49] - DEBUG: 【请求接口地址：https://ctest.putaoabc.net.cn/self_api/saleWordBoard/report】
2020-09-21 14:05:17,495 - D:\autotest\common\my_request.py[line:24] - DEBUG: 【请求接口地址:https://ctest.putaoabc.net.cn/self_api/auth/login】
2020-09-21 14:05:17,745 - D:\autotest\common\my_request.py[line:49] - DEBUG: 【请求接口地址：https://ctest.putaoabc.net.cn/self_api/saleWordBoard/saleAmountRanking】
2020-09-21 14:06:21,716 - D:\autotest\common\my_request.py[line:24] - DEBUG: 【请求接口地址:https://ctest.putaoabc.net.cn/self_api/auth/login】
2020-09-21 14:06:21,998 - D:\autotest\common\my_request.py[line:49] - DEBUG: 【请求接口地址：https://ctest.putaoabc.net.cn/self_api/saleWordBoard/saleAmountRanking】
2020-09-21 14:06:39,569 - D:\autotest\common\my_request.py[line:24] - DEBUG: 【请求接口地址:https://ctest.putaoabc.net.cn/self_api/auth/login】
2020-09-21 14:06:39,817 - D:\autotest\common\my_request.py[line:49] - DEBUG: 【请求接口地址：https://ctest.putaoabc.net.cn/self_api/saleWordBoard/saleAmountRanking】
2020-09-21 14:09:37,040 - D:\autotest\common\my_request.py[line:24] - DEBUG: 【请求接口地址:https://ctest.putaoabc.net.cn/self_api/auth/login】
2020-09-21 14:09:37,296 - D:\autotest\common\my_request.py[line:49] - DEBUG: 【请求接口地址：https://ctest.putaoabc.net.cn/self_api/saleWordBoard/saleAmountRanking】
2020-09-21 14:10:06,372 - D:\autotest\common\my_request.py[line:24] - DEBUG: 【请求接口地址:https://ctest.putaoabc.net.cn/self_api/auth/login】
2020-09-21 14:10:06,636 - D:\autotest\common\my_request.py[line:49] - DEBUG: 【请求接口地址：https://ctest.putaoabc.net.cn/self_api/saleWordBoard/saleAmountRanking】
2020-09-21 14:12:37,014 - D:\autotest\common\my_request.py[line:24] - DEBUG: 【请求接口地址:https://ctest.putaoabc.net.cn/self_api/auth/login】
2020-09-21 14:12:37,286 - D:\autotest\common\my_request.py[line:49] - DEBUG: 【请求接口地址：https://ctest.putaoabc.net.cn/self_api/saleWordBoard/saleAmountRanking】
2020-09-21 14:14:19,098 - D:\autotest\common\my_request.py[line:24] - DEBUG: 【请求接口地址:https://ctest.putaoabc.net.cn/self_api/auth/login】
2020-09-21 14:14:19,390 - D:\autotest\common\my_request.py[line:49] - DEBUG: 【请求接口地址：https://ctest.putaoabc.net.cn/self_api/saleWordBoard/saleAmountRanking】
2020-09-21 14:15:40,821 - D:\autotest\common\my_request.py[line:24] - DEBUG: 【请求接口地址:https://ctest.putaoabc.net.cn/self_api/auth/login】
2020-09-21 14:15:41,080 - D:\autotest\common\my_request.py[line:49] - DEBUG: 【请求接口地址：https://ctest.putaoabc.net.cn/self_api/saleWordBoard/saleAmountRanking】
2020-09-21 14:19:28,077 - D:\autotest\common\my_request.py[line:24] - DEBUG: 【请求接口地址:https://ctest.putaoabc.net.cn/self_api/auth/login】
2020-09-21 14:19:28,364 - D:\autotest\common\my_request.py[line:49] - DEBUG: 【请求接口地址：https://ctest.putaoabc.net.cn/self_api/tmkWordBoard/getTmkLeadsInfo】
2020-09-21 14:19:48,534 - D:\autotest\common\my_request.py[line:24] - DEBUG: 【请求接口地址:https://ctest.putaoabc.net.cn/self_api/auth/login】
2020-09-21 14:19:48,800 - D:\autotest\common\my_request.py[line:49] - DEBUG: 【请求接口地址：https://ctest.putaoabc.net.cn/self_api/saleWordBoard/getFifteenDayData】
2020-09-21 14:20:05,732 - D:\autotest\common\my_request.py[line:24] - DEBUG: 【请求接口地址:https://ctest.putaoabc.net.cn/self_api/auth/login】
2020-09-21 14:20:05,976 - D:\autotest\common\my_request.py[line:49] - DEBUG: 【请求接口地址：https://ctest.putaoabc.net.cn/self_api/saleWordBoard/msg_remind_list】
2020-09-21 14:20:59,716 - D:\autotest\common\my_request.py[line:24] - DEBUG: 【请求接口地址:https://ctest.putaoabc.net.cn/self_api/auth/login】
2020-09-21 14:20:59,979 - D:\autotest\common\my_request.py[line:49] - DEBUG: 【请求接口地址：https://ctest.putaoabc.net.cn/self_api/saleWordBoard/saleAmountRanking】
2020-09-21 14:22:10,129 - D:\autotest\common\my_request.py[line:24] - DEBUG: 【请求接口地址:https://ctest.putaoabc.net.cn/self_api/auth/login】
2020-09-21 14:22:10,405 - D:\autotest\common\my_request.py[line:49] - DEBUG: 【请求接口地址：https://ctest.putaoabc.net.cn/self_api/saleWordBoard/saleAmountRanking】
2020-09-21 14:22:32,884 - D:\autotest\common\my_request.py[line:24] - DEBUG: 【请求接口地址:https://ctest.putaoabc.net.cn/self_api/auth/login】
2020-09-21 14:22:33,173 - D:\autotest\common\my_request.py[line:49] - DEBUG: 【请求接口地址：https://ctest.putaoabc.net.cn/self_api/saleWordBoard/saleAmountRanking】
2020-09-21 14:23:16,548 - D:\autotest\common\my_request.py[line:24] - DEBUG: 【请求接口地址:https://ctest.putaoabc.net.cn/self_api/auth/login】
2020-09-21 14:23:16,817 - D:\autotest\common\my_request.py[line:36] - ERROR: 异常信息：接口调用失败！ url 【https://ctest.putaoabc.net.cn/self_api/auth/login】 data 【{"email": "zhangjunfeng@putao-inc.com", "password": "123456"}】 实际结果是 【{'error': 'Expecting value: line 1 column 1 (char 0)'}】
2020-09-21 14:23:54,451 - D:\autotest\common\my_request.py[line:24] - DEBUG: 【请求接口地址:https://ctest.putaoabc.net.cn/self_api/auth/login】
2020-09-21 14:23:55,315 - D:\autotest\common\my_request.py[line:49] - DEBUG: 【请求接口地址：https://ctest.putaoabc.net.cn/self_api/saleWordBoard/saleAmountRanking】
2020-09-21 14:24:42,201 - D:\autotest\common\my_request.py[line:24] - DEBUG: 【请求接口地址:https://ctest.putaoabc.net.cn/self_api/auth/login】
2020-09-21 14:24:42,563 - D:\autotest\common\my_request.py[line:49] - DEBUG: 【请求接口地址：https://ctest.putaoabc.net.cn/self_api/saleWordBoard/saleAmountRanking】
2020-09-21 14:26:21,688 - D:\autotest\common\my_request.py[line:24] - DEBUG: 【请求接口地址:https://ctest.putaoabc.net.cn/self_api/auth/login】
2020-09-21 14:26:22,014 - D:\autotest\common\my_request.py[line:49] - DEBUG: 【请求接口地址：https://ctest.putaoabc.net.cn/self_api/saleWordBoard/saleAmountRanking】
2020-09-21 14:30:14,882 - D:\autotest\common\my_request.py[line:24] - DEBUG: 【请求接口地址:https://ctest.putaoabc.net.cn/self_api/auth/login】
2020-09-21 14:30:15,120 - D:\autotest\common\my_request.py[line:49] - DEBUG: 【请求接口地址：https://ctest.putaoabc.net.cn/self_api/saleWordBoard/saleAmountRanking】
2020-09-21 14:31:50,167 - D:\autotest\common\my_request.py[line:24] - DEBUG: 【请求接口地址:https://ctest.putaoabc.net.cn/self_api/auth/login】
2020-09-21 14:31:50,433 - D:\autotest\common\my_request.py[line:49] - DEBUG: 【请求接口地址：https://ctest.putaoabc.net.cn/self_api/saleWordBoard/saleAmountRanking】
2020-09-21 14:32:57,330 - D:\autotest\common\my_request.py[line:24] - DEBUG: 【请求接口地址:https://ctest.putaoabc.net.cn/self_api/auth/login】
2020-09-21 14:32:57,627 - D:\autotest\common\my_request.py[line:49] - DEBUG: 【请求接口地址：https://ctest.putaoabc.net.cn/self_api/saleWordBoard/saleAmountRanking】
2020-09-21 14:33:36,553 - D:\autotest\common\my_request.py[line:24] - DEBUG: 【请求接口地址:https://ctest.putaoabc.net.cn/self_api/auth/login】
2020-09-21 14:33:36,807 - D:\autotest\common\my_request.py[line:49] - DEBUG: 【请求接口地址：https://ctest.putaoabc.net.cn/self_api/saleWordBoard/getOrdersAmount】
2020-09-21 14:34:17,036 - D:\autotest\common\my_request.py[line:24] - DEBUG: 【请求接口地址:https://ctest.putaoabc.net.cn/self_api/auth/login】
2020-09-21 14:34:17,273 - D:\autotest\common\my_request.py[line:49] - DEBUG: 【请求接口地址：https://ctest.putaoabc.net.cn/self_api/saleWordBoard/report】
2020-09-21 14:35:00,402 - D:\autotest\common\my_request.py[line:24] - DEBUG: 【请求接口地址:https://ctest.putaoabc.net.cn/self_api/auth/login】
2020-09-21 14:35:00,708 - D:\autotest\common\my_request.py[line:49] - DEBUG: 【请求接口地址：https://ctest.putaoabc.net.cn/self_api/saleWordBoard/report】
2020-09-21 14:35:25,453 - D:\autotest\common\my_request.py[line:24] - DEBUG: 【请求接口地址:https://ctest.putaoabc.net.cn/self_api/auth/login】
2020-09-21 14:35:25,732 - D:\autotest\common\my_request.py[line:49] - DEBUG: 【请求接口地址：https://ctest.putaoabc.net.cn/self_api/tmkWordBoard/getTmkLeadsInfo】
2020-09-21 14:36:32,135 - D:\autotest\common\my_request.py[line:24] - DEBUG: 【请求接口地址:https://ctest.putaoabc.net.cn/self_api/auth/login】
2020-09-21 14:36:32,377 - D:\autotest\common\my_request.py[line:49] - DEBUG: 【请求接口地址：https://ctest.putaoabc.net.cn/self_api/saleWordBoard/saleAmountRanking】
2020-09-21 14:39:40,037 - D:\autotest\common\my_request.py[line:24] - DEBUG: 【请求接口地址:https://ctest.putaoabc.net.cn/self_api/auth/login】
2020-09-21 14:39:40,313 - D:\autotest\common\my_request.py[line:24] - DEBUG: 【请求接口地址:https://ctest.putaoabc.net.cn/self_api/myUser/myUserList/download】
